# JRE version: Java(TM) SE Runtime Environment (8.0_211-b12) (build 1.8.0_211-b12)
# Java VM: Java HotSpot(TM) 64-Bit Server VM (25.211-b12 mixed mode windows-amd64 compressed oops)
Heap:
 PSYoungGen      total 361472K, used 281567K [0x00000000d5800000, 0x00000000eda80000, 0x0000000100000000)
  eden space 345600K, 81% used [0x00000000d5800000,0x00000000e6af7e58,0x00000000ea980000)
  from space 15872K, 0% used [0x00000000eb800000,0x00000000eb800000,0x00000000ec780000)
  to   space 14848K, 0% used [0x00000000ea980000,0x00000000ea980000,0x00000000eb800000)
 ParOldGen       total 79872K, used 24158K [0x0000000080800000, 0x0000000085600000, 0x00000000d5800000)
  object space 79872K, 30% used [0x0000000080800000,0x0000000081f97b00,0x0000000085600000)
 Metaspace       used 41916K, capacity 42372K, committed 42624K, reserved 1087488K
  class space    used 5357K, capacity 5485K, committed 5504K, reserved 1048576K
GC Heap History (10 events):
Event: 6.714 GC heap before
{Heap before GC invocations=8 (full 1):
 PSYoungGen      total 142848K, used 133120K [0x00000000d5800000, 0x00000000ded00000, 0x0000000100000000)
  eden space 133120K, 100% used [0x00000000d5800000,0x00000000dda00000,0x00000000dda00000)
  from space 9728K, 0% used [0x00000000de380000,0x00000000de380000,0x00000000ded00000)
  to   space 9728K, 0% used [0x00000000dda00000,0x00000000dda00000,0x00000000de380000)
 ParOldGen       total 49664K, used 6740K [0x0000000080800000, 0x0000000083880000, 0x00000000d5800000)
  object space 49664K, 13% used [0x0000000080800000,0x0000000080e953b0,0x0000000083880000)
 Metaspace       used 24021K, capacity 24406K, committed 24576K, reserved 1071104K
  class space    used 2944K, capacity 3053K, committed 3072K, reserved 1048576K
Event: 6.721 GC heap after
Heap after GC invocations=8 (full 1):
 PSYoungGen      total 142848K, used 5829K [0x00000000d5800000, 0x00000000e5600000, 0x0000000100000000)
  eden space 133120K, 0% used [0x00000000d5800000,0x00000000d5800000,0x00000000dda00000)
  from space 9728K, 59% used [0x00000000dda00000,0x00000000ddfb1538,0x00000000de380000)
  to   space 9216K, 0% used [0x00000000e4d00000,0x00000000e4d00000,0x00000000e5600000)
 ParOldGen       total 49664K, used 6748K [0x0000000080800000, 0x0000000083880000, 0x00000000d5800000)
  object space 49664K, 13% used [0x0000000080800000,0x0000000080e973b0,0x0000000083880000)
 Metaspace       used 24021K, capacity 24406K, committed 24576K, reserved 1071104K
  class space    used 2944K, capacity 3053K, committed 3072K, reserved 1048576K
}
Event: 7.789 GC heap before
{Heap before GC invocations=9 (full 1):
 PSYoungGen      total 142848K, used 138949K [0x00000000d5800000, 0x00000000e5600000, 0x0000000100000000)
  eden space 133120K, 100% used [0x00000000d5800000,0x00000000dda00000,0x00000000dda00000)
  from space 9728K, 59% used [0x00000000dda00000,0x00000000ddfb1538,0x00000000de380000)
  to   space 9216K, 0% used [0x00000000e4d00000,0x00000000e4d00000,0x00000000e5600000)
 ParOldGen       total 49664K, used 6748K [0x0000000080800000, 0x0000000083880000, 0x00000000d5800000)
  object space 49664K, 13% used [0x0000000080800000,0x0000000080e973b0,0x0000000083880000)
 Metaspace       used 26048K, capacity 26392K, committed 26624K, reserved 1073152K
  class space    used 3234K, capacity 3320K, committed 3328K, reserved 1048576K
Event: 7.795 GC heap after
Heap after GC invocations=9 (full 1):
 PSYoungGen      total 243712K, used 7101K [0x00000000d5800000, 0x00000000e5400000, 0x0000000100000000)
  eden space 236544K, 0% used [0x00000000d5800000,0x00000000d5800000,0x00000000e3f00000)
  from space 7168K, 99% used [0x00000000e4d00000,0x00000000e53ef728,0x00000000e5400000)
  to   space 9216K, 0% used [0x00000000e4200000,0x00000000e4200000,0x00000000e4b00000)
 ParOldGen       total 49664K, used 6756K [0x0000000080800000, 0x0000000083880000, 0x00000000d5800000)
  object space 49664K, 13% used [0x0000000080800000,0x0000000080e993b0,0x0000000083880000)
 Metaspace       used 26048K, capacity 26392K, committed 26624K, reserved 1073152K
  class space    used 3234K, capacity 3320K, committed 3328K, reserved 1048576K
}
Event: 10.554 GC heap before
{Heap before GC invocations=10 (full 1):
 PSYoungGen      total 243712K, used 243645K [0x00000000d5800000, 0x00000000e5400000, 0x0000000100000000)
  eden space 236544K, 100% used [0x00000000d5800000,0x00000000e3f00000,0x00000000e3f00000)
  from space 7168K, 99% used [0x00000000e4d00000,0x00000000e53ef728,0x00000000e5400000)
  to   space 9216K, 0% used [0x00000000e4200000,0x00000000e4200000,0x00000000e4b00000)
 ParOldGen       total 49664K, used 6756K [0x0000000080800000, 0x0000000083880000, 0x00000000d5800000)
  object space 49664K, 13% used [0x0000000080800000,0x0000000080e993b0,0x0000000083880000)
 Metaspace       used 33676K, capacity 34118K, committed 34304K, reserved 1079296K
  class space    used 4132K, capacity 4234K, committed 4352K, reserved 1048576K
Event: 10.595 GC heap after
Heap after GC invocations=10 (full 1):
 PSYoungGen      total 248832K, used 9189K [0x00000000d5800000, 0x00000000ec780000, 0x0000000100000000)
  eden space 239616K, 0% used [0x00000000d5800000,0x00000000d5800000,0x00000000e4200000)
  from space 9216K, 99% used [0x00000000e4200000,0x00000000e4af9550,0x00000000e4b00000)
  to   space 15872K, 0% used [0x00000000eb800000,0x00000000eb800000,0x00000000ec780000)
 ParOldGen       total 49664K, used 20613K [0x0000000080800000, 0x0000000083880000, 0x00000000d5800000)
  object space 49664K, 41% used [0x0000000080800000,0x0000000081c216e0,0x0000000083880000)
 Metaspace       used 33676K, capacity 34118K, committed 34304K, reserved 1079296K
  class space    used 4132K, capacity 4234K, committed 4352K, reserved 1048576K
}
Event: 11.353 GC heap before
{Heap before GC invocations=11 (full 1):
 PSYoungGen      total 248832K, used 45000K [0x00000000d5800000, 0x00000000ec780000, 0x0000000100000000)
  eden space 239616K, 14% used [0x00000000d5800000,0x00000000d7af8ce8,0x00000000e4200000)
  from space 9216K, 99% used [0x00000000e4200000,0x00000000e4af9550,0x00000000e4b00000)
  to   space 15872K, 0% used [0x00000000eb800000,0x00000000eb800000,0x00000000ec780000)
 ParOldGen       total 49664K, used 20613K [0x0000000080800000, 0x0000000083880000, 0x00000000d5800000)
  object space 49664K, 41% used [0x0000000080800000,0x0000000081c216e0,0x0000000083880000)
 Metaspace       used 34948K, capacity 35334K, committed 35456K, reserved 1081344K
  class space    used 4325K, capacity 4426K, committed 4480K, reserved 1048576K
Event: 11.470 GC heap after
Heap after GC invocations=11 (full 1):
 PSYoungGen      total 361472K, used 7710K [0x00000000d5800000, 0x00000000eda80000, 0x0000000100000000)
  eden space 345600K, 0% used [0x00000000d5800000,0x00000000d5800000,0x00000000ea980000)
  from space 15872K, 48% used [0x00000000eb800000,0x00000000ebf879c0,0x00000000ec780000)
  to   space 14848K, 0% used [0x00000000ea980000,0x00000000ea980000,0x00000000eb800000)
 ParOldGen       total 49664K, used 23981K [0x0000000080800000, 0x0000000083880000, 0x00000000d5800000)
  object space 49664K, 48% used [0x0000000080800000,0x0000000081f6b710,0x0000000083880000)
 Metaspace       used 34948K, capacity 35334K, committed 35456K, reserved 1081344K
  class space    used 4325K, capacity 4426K, committed 4480K, reserved 1048576K
}
Event: 11.470 GC heap before
{Heap before GC invocations=12 (full 2):
 PSYoungGen      total 361472K, used 7710K [0x00000000d5800000, 0x00000000eda80000, 0x0000000100000000)
  eden space 345600K, 0% used [0x00000000d5800000,0x00000000d5800000,0x00000000ea980000)
  from space 15872K, 48% used [0x00000000eb800000,0x00000000ebf879c0,0x00000000ec780000)
  to   space 14848K, 0% used [0x00000000ea980000,0x00000000ea980000,0x00000000eb800000)
 ParOldGen       total 49664K, used 23981K [0x0000000080800000, 0x0000000083880000, 0x00000000d5800000)
  object space 49664K, 48% used [0x0000000080800000,0x0000000081f6b710,0x0000000083880000)
 Metaspace       used 34948K, capacity 35334K, committed 35456K, reserved 1081344K
  class space    used 4325K, capacity 4426K, committed 4480K, reserved 1048576K
Event: 11.598 GC heap after
Heap after GC invocations=12 (full 2):
 PSYoungGen      total 361472K, used 0K [0x00000000d5800000, 0x00000000eda80000, 0x0000000100000000)
  eden space 345600K, 0% used [0x00000000d5800000,0x00000000d5800000,0x00000000ea980000)
  from space 15872K, 0% used [0x00000000eb800000,0x00000000eb800000,0x00000000ec780000)
  to   space 14848K, 0% used [0x00000000ea980000,0x00000000ea980000,0x00000000eb800000)
 ParOldGen       total 79872K, used 24158K [0x0000000080800000, 0x0000000085600000, 0x00000000d5800000)
  object space 79872K, 30% used [0x0000000080800000,0x0000000081f97b00,0x0000000085600000)
 Metaspace       used 34948K, capacity 35334K, committed 35456K, reserved 1081344K
  class space    used 4325K, capacity 4426K, committed 4480K, reserved 1048576K
}

